  main.cpp
c:\program files (x86)\windows kits\10\include\10.0.17763.0\shared\ws2def.h(103): warning C4005: "AF_IPX": ponowna definicja makra
  c:\program files (x86)\windows kits\10\include\10.0.17763.0\um\winsock.h(457): note: zobacz poprzednią definicję „AF_IPX”
c:\program files (x86)\windows kits\10\include\10.0.17763.0\shared\ws2def.h(147): warning C4005: "AF_MAX": ponowna definicja makra
  c:\program files (x86)\windows kits\10\include\10.0.17763.0\um\winsock.h(476): note: zobacz poprzednią definicję „AF_MAX”
c:\program files (x86)\windows kits\10\include\10.0.17763.0\shared\ws2def.h(185): warning C4005: "SO_DONTLINGER": ponowna definicja makra
  c:\program files (x86)\windows kits\10\include\10.0.17763.0\um\winsock.h(399): note: zobacz poprzednią definicję „SO_DONTLINGER”
c:\program files (x86)\windows kits\10\include\10.0.17763.0\shared\ws2def.h(235): error C2011: "sockaddr'': "struct" wpisz ponownie definicję
  c:\program files (x86)\windows kits\10\include\10.0.17763.0\um\winsock.h(1007): note: zobacz deklarację „sockaddr”
c:\program files (x86)\windows kits\10\include\10.0.17763.0\shared\ws2def.h(437): error C2059: błąd składniowy: „stała”
c:\program files (x86)\windows kits\10\include\10.0.17763.0\shared\ws2def.h(437): error C3805: "stała": nieoczekiwany token, oczekiwano albo "}" albo ","
c:\program files (x86)\windows kits\10\include\10.0.17763.0\shared\ws2def.h(572): warning C4005: "IN_CLASSA": ponowna definicja makra
  c:\program files (x86)\windows kits\10\include\10.0.17763.0\um\winsock.h(284): note: zobacz poprzednią definicję „IN_CLASSA”
c:\program files (x86)\windows kits\10\include\10.0.17763.0\shared\ws2def.h(578): warning C4005: "IN_CLASSB": ponowna definicja makra
  c:\program files (x86)\windows kits\10\include\10.0.17763.0\um\winsock.h(290): note: zobacz poprzednią definicję „IN_CLASSB”
c:\program files (x86)\windows kits\10\include\10.0.17763.0\shared\ws2def.h(584): warning C4005: "IN_CLASSC": ponowna definicja makra
  c:\program files (x86)\windows kits\10\include\10.0.17763.0\um\winsock.h(296): note: zobacz poprzednią definicję „IN_CLASSC”
c:\program files (x86)\windows kits\10\include\10.0.17763.0\shared\ws2def.h(595): warning C4005: "INADDR_ANY": ponowna definicja makra
  c:\program files (x86)\windows kits\10\include\10.0.17763.0\um\winsock.h(301): note: zobacz poprzednią definicję „INADDR_ANY”
c:\program files (x86)\windows kits\10\include\10.0.17763.0\shared\ws2def.h(597): warning C4005: "INADDR_BROADCAST": ponowna definicja makra
  c:\program files (x86)\windows kits\10\include\10.0.17763.0\um\winsock.h(303): note: zobacz poprzednią definicję „INADDR_BROADCAST”
c:\program files (x86)\windows kits\10\include\10.0.17763.0\shared\ws2def.h(633): error C2011: "sockaddr_in'': "struct" wpisz ponownie definicję
  c:\program files (x86)\windows kits\10\include\10.0.17763.0\um\winsock.h(1011): note: zobacz deklarację „sockaddr_in”
c:\program files (x86)\windows kits\10\include\10.0.17763.0\um\winsock2.h(136): error C2011: "fd_set'': "struct" wpisz ponownie definicję
  c:\program files (x86)\windows kits\10\include\10.0.17763.0\um\winsock.h(1019): note: zobacz deklarację „fd_set”
c:\program files (x86)\windows kits\10\include\10.0.17763.0\um\winsock2.h(156): warning C4005: "FD_CLR": ponowna definicja makra
  c:\program files (x86)\windows kits\10\include\10.0.17763.0\um\winsock.h(94): note: zobacz poprzednią definicję „FD_CLR”
c:\program files (x86)\windows kits\10\include\10.0.17763.0\um\winsock2.h(171): warning C4005: "FD_SET": ponowna definicja makra
  c:\program files (x86)\windows kits\10\include\10.0.17763.0\um\winsock.h(99): note: zobacz poprzednią definicję „FD_SET”
c:\program files (x86)\windows kits\10\include\10.0.17763.0\um\winsock2.h(180): error C2011: "timeval'': "struct" wpisz ponownie definicję
  c:\program files (x86)\windows kits\10\include\10.0.17763.0\um\winsock.h(1035): note: zobacz deklarację „timeval”
c:\program files (x86)\windows kits\10\include\10.0.17763.0\um\winsock2.h(236): error C2011: "hostent'': "struct" wpisz ponownie definicję
  c:\program files (x86)\windows kits\10\include\10.0.17763.0\um\winsock.h(1023): note: zobacz deklarację „hostent”
c:\program files (x86)\windows kits\10\include\10.0.17763.0\um\winsock2.h(249): error C2011: "netent'': "struct" wpisz ponownie definicję
  c:\program files (x86)\windows kits\10\include\10.0.17763.0\um\winsock.h(177): note: zobacz deklarację „netent”
c:\program files (x86)\windows kits\10\include\10.0.17763.0\um\winsock2.h(256): error C2011: "servent'': "struct" wpisz ponownie definicję
  c:\program files (x86)\windows kits\10\include\10.0.17763.0\um\winsock.h(1027): note: zobacz deklarację „servent”
c:\program files (x86)\windows kits\10\include\10.0.17763.0\um\winsock2.h(268): error C2011: "protoent'': "struct" wpisz ponownie definicję
  c:\program files (x86)\windows kits\10\include\10.0.17763.0\um\winsock.h(1031): note: zobacz deklarację „protoent”
c:\program files (x86)\windows kits\10\include\10.0.17763.0\um\winsock2.h(364): error C2011: "WSAData'': "struct" wpisz ponownie definicję
  c:\program files (x86)\windows kits\10\include\10.0.17763.0\um\winsock.h(319): note: zobacz deklarację „WSAData”
c:\program files (x86)\windows kits\10\include\10.0.17763.0\um\winsock2.h(462): error C2011: "sockproto'': "struct" wpisz ponownie definicję
  c:\program files (x86)\windows kits\10\include\10.0.17763.0\um\winsock.h(491): note: zobacz deklarację „sockproto”
c:\program files (x86)\windows kits\10\include\10.0.17763.0\um\winsock2.h(504): error C2011: "linger'': "struct" wpisz ponownie definicję
  c:\program files (x86)\windows kits\10\include\10.0.17763.0\um\winsock.h(1015): note: zobacz deklarację „linger”
c:\program files (x86)\windows kits\10\include\10.0.17763.0\um\winsock2.h(517): warning C4005: "SOMAXCONN": ponowna definicja makra
  c:\program files (x86)\windows kits\10\include\10.0.17763.0\um\winsock.h(541): note: zobacz poprzednią definicję „SOMAXCONN”
c:\program files (x86)\windows kits\10\include\10.0.17763.0\um\winsock2.h(552): warning C4005: "FD_READ": ponowna definicja makra
  c:\program files (x86)\windows kits\10\include\10.0.17763.0\um\winsock.h(559): note: zobacz poprzednią definicję „FD_READ”
c:\program files (x86)\windows kits\10\include\10.0.17763.0\um\winsock2.h(555): warning C4005: "FD_WRITE": ponowna definicja makra
  c:\program files (x86)\windows kits\10\include\10.0.17763.0\um\winsock.h(560): note: zobacz poprzednią definicję „FD_WRITE”
c:\program files (x86)\windows kits\10\include\10.0.17763.0\um\winsock2.h(558): warning C4005: "FD_OOB": ponowna definicja makra
  c:\program files (x86)\windows kits\10\include\10.0.17763.0\um\winsock.h(561): note: zobacz poprzednią definicję „FD_OOB”
c:\program files (x86)\windows kits\10\include\10.0.17763.0\um\winsock2.h(561): warning C4005: "FD_ACCEPT": ponowna definicja makra
  c:\program files (x86)\windows kits\10\include\10.0.17763.0\um\winsock.h(562): note: zobacz poprzednią definicję „FD_ACCEPT”
c:\program files (x86)\windows kits\10\include\10.0.17763.0\um\winsock2.h(564): warning C4005: "FD_CONNECT": ponowna definicja makra
  c:\program files (x86)\windows kits\10\include\10.0.17763.0\um\winsock.h(563): note: zobacz poprzednią definicję „FD_CONNECT”
c:\program files (x86)\windows kits\10\include\10.0.17763.0\um\winsock2.h(567): warning C4005: "FD_CLOSE": ponowna definicja makra
  c:\program files (x86)\windows kits\10\include\10.0.17763.0\um\winsock.h(564): note: zobacz poprzednią definicję „FD_CLOSE”
c:\program files (x86)\windows kits\10\include\10.0.17763.0\um\winsock2.h(1625): error C2375: 'accept': zmiana definicji; różne powiązania
  c:\program files (x86)\windows kits\10\include\10.0.17763.0\um\winsock.h(739): note: zobacz deklarację „accept”
c:\program files (x86)\windows kits\10\include\10.0.17763.0\um\winsock2.h(1647): error C2375: 'bind': zmiana definicji; różne powiązania
  c:\program files (x86)\windows kits\10\include\10.0.17763.0\um\winsock.h(744): note: zobacz deklarację „bind”
c:\program files (x86)\windows kits\10\include\10.0.17763.0\um\winsock2.h(1668): error C2375: 'closesocket': zmiana definicji; różne powiązania
  c:\program files (x86)\windows kits\10\include\10.0.17763.0\um\winsock.h(749): note: zobacz deklarację „closesocket”
c:\program files (x86)\windows kits\10\include\10.0.17763.0\um\winsock2.h(1685): error C2375: 'connect': zmiana definicji; różne powiązania
  c:\program files (x86)\windows kits\10\include\10.0.17763.0\um\winsock.h(751): note: zobacz deklarację „connect”
c:\program files (x86)\windows kits\10\include\10.0.17763.0\um\winsock2.h(1706): error C2375: 'ioctlsocket': zmiana definicji; różne powiązania
  c:\program files (x86)\windows kits\10\include\10.0.17763.0\um\winsock.h(756): note: zobacz deklarację „ioctlsocket”
c:\program files (x86)\windows kits\10\include\10.0.17763.0\um\winsock2.h(1729): error C2375: 'getpeername': zmiana definicji; różne powiązania
  c:\program files (x86)\windows kits\10\include\10.0.17763.0\um\winsock.h(761): note: zobacz deklarację „getpeername”
c:\program files (x86)\windows kits\10\include\10.0.17763.0\um\winsock2.h(1750): error C2375: 'getsockname': zmiana definicji; różne powiązania
  c:\program files (x86)\windows kits\10\include\10.0.17763.0\um\winsock.h(766): note: zobacz deklarację „getsockname”
c:\program files (x86)\windows kits\10\include\10.0.17763.0\um\winsock2.h(1771): error C2375: 'getsockopt': zmiana definicji; różne powiązania
  c:\program files (x86)\windows kits\10\include\10.0.17763.0\um\winsock.h(771): note: zobacz deklarację „getsockopt”
c:\program files (x86)\windows kits\10\include\10.0.17763.0\um\winsock2.h(1796): error C2375: 'htonl': zmiana definicji; różne powiązania
  c:\program files (x86)\windows kits\10\include\10.0.17763.0\um\winsock.h(778): note: zobacz deklarację „htonl”
c:\program files (x86)\windows kits\10\include\10.0.17763.0\um\winsock2.h(1813): error C2375: 'htons': zmiana definicji; różne powiązania
  c:\program files (x86)\windows kits\10\include\10.0.17763.0\um\winsock.h(780): note: zobacz deklarację „htons”
c:\program files (x86)\windows kits\10\include\10.0.17763.0\um\winsock2.h(1831): error C2375: 'inet_addr': zmiana definicji; różne powiązania
  c:\program files (x86)\windows kits\10\include\10.0.17763.0\um\winsock.h(782): note: zobacz deklarację „inet_addr”
c:\program files (x86)\windows kits\10\include\10.0.17763.0\um\winsock2.h(1849): error C2375: 'inet_ntoa': zmiana definicji; różne powiązania
  c:\program files (x86)\windows kits\10\include\10.0.17763.0\um\winsock.h(784): note: zobacz deklarację „inet_ntoa”
c:\program files (x86)\windows kits\10\include\10.0.17763.0\um\winsock2.h(1949): error C2375: 'listen': zmiana definicji; różne powiązania
  c:\program files (x86)\windows kits\10\include\10.0.17763.0\um\winsock.h(786): note: zobacz deklarację „listen”
c:\program files (x86)\windows kits\10\include\10.0.17763.0\um\winsock2.h(1968): error C2375: 'ntohl': zmiana definicji; różne powiązania
  c:\program files (x86)\windows kits\10\include\10.0.17763.0\um\winsock.h(790): note: zobacz deklarację „ntohl”
c:\program files (x86)\windows kits\10\include\10.0.17763.0\um\winsock2.h(1985): error C2375: 'ntohs': zmiana definicji; różne powiązania
  c:\program files (x86)\windows kits\10\include\10.0.17763.0\um\winsock.h(792): note: zobacz deklarację „ntohs”
c:\program files (x86)\windows kits\10\include\10.0.17763.0\um\winsock2.h(2002): error C2375: 'recv': zmiana definicji; różne powiązania
  c:\program files (x86)\windows kits\10\include\10.0.17763.0\um\winsock.h(794): note: zobacz deklarację „recv”
c:\program files (x86)\windows kits\10\include\10.0.17763.0\um\winsock2.h(2025): error C2375: 'recvfrom': zmiana definicji; różne powiązania
  c:\program files (x86)\windows kits\10\include\10.0.17763.0\um\winsock.h(800): note: zobacz deklarację „recvfrom”
c:\program files (x86)\windows kits\10\include\10.0.17763.0\um\winsock2.h(2052): error C2375: 'select': zmiana definicji; różne powiązania
  c:\program files (x86)\windows kits\10\include\10.0.17763.0\um\winsock.h(808): note: zobacz deklarację „select”
c:\program files (x86)\windows kits\10\include\10.0.17763.0\um\winsock2.h(2077): error C2375: 'send': zmiana definicji; różne powiązania
  c:\program files (x86)\windows kits\10\include\10.0.17763.0\um\winsock.h(815): note: zobacz deklarację „send”
c:\program files (x86)\windows kits\10\include\10.0.17763.0\um\winsock2.h(2100): error C2375: 'sendto': zmiana definicji; różne powiązania
  c:\program files (x86)\windows kits\10\include\10.0.17763.0\um\winsock.h(821): note: zobacz deklarację „sendto”
c:\program files (x86)\windows kits\10\include\10.0.17763.0\um\winsock2.h(2127): error C2375: 'setsockopt': zmiana definicji; różne powiązania
  c:\program files (x86)\windows kits\10\include\10.0.17763.0\um\winsock.h(829): note: zobacz deklarację „setsockopt”
c:\program files (x86)\windows kits\10\include\10.0.17763.0\um\winsock2.h(2152): error C2375: 'shutdown': zmiana definicji; różne powiązania
  c:\program files (x86)\windows kits\10\include\10.0.17763.0\um\winsock.h(836): note: zobacz deklarację „shutdown”
c:\program files (x86)\windows kits\10\include\10.0.17763.0\um\winsock2.h(2172): error C2375: 'socket': zmiana definicji; różne powiązania
  c:\program files (x86)\windows kits\10\include\10.0.17763.0\um\winsock.h(840): note: zobacz deklarację „socket”
c:\program files (x86)\windows kits\10\include\10.0.17763.0\um\winsock2.h(2197): error C2375: 'gethostbyaddr': zmiana definicji; różne powiązania
  c:\program files (x86)\windows kits\10\include\10.0.17763.0\um\winsock.h(847): note: zobacz deklarację „gethostbyaddr”
c:\program files (x86)\windows kits\10\include\10.0.17763.0\um\winsock2.h(2219): error C2375: 'gethostbyname': zmiana definicji; różne powiązania
  c:\program files (x86)\windows kits\10\include\10.0.17763.0\um\winsock.h(852): note: zobacz deklarację „gethostbyname”
c:\program files (x86)\windows kits\10\include\10.0.17763.0\um\winsock2.h(2236): error C2375: 'gethostname': zmiana definicji; różne powiązania
  c:\program files (x86)\windows kits\10\include\10.0.17763.0\um\winsock.h(854): note: zobacz deklarację „gethostname”
c:\program files (x86)\windows kits\10\include\10.0.17763.0\um\winsock2.h(2276): error C2375: 'getservbyport': zmiana definicji; różne powiązania
  c:\program files (x86)\windows kits\10\include\10.0.17763.0\um\winsock.h(858): note: zobacz deklarację „getservbyport”
c:\program files (x86)\windows kits\10\include\10.0.17763.0\um\winsock2.h(2295): error C2375: 'getservbyname': zmiana definicji; różne powiązania
  c:\program files (x86)\windows kits\10\include\10.0.17763.0\um\winsock.h(862): note: zobacz deklarację „getservbyname”
c:\program files (x86)\windows kits\10\include\10.0.17763.0\um\winsock2.h(2314): error C2375: 'getprotobynumber': zmiana definicji; różne powiązania
  c:\program files (x86)\windows kits\10\include\10.0.17763.0\um\winsock.h(866): note: zobacz deklarację „getprotobynumber”
c:\program files (x86)\windows kits\10\include\10.0.17763.0\um\winsock2.h(2331): error C2375: 'getprotobyname': zmiana definicji; różne powiązania
  c:\program files (x86)\windows kits\10\include\10.0.17763.0\um\winsock.h(868): note: zobacz deklarację „getprotobyname”
c:\program files (x86)\windows kits\10\include\10.0.17763.0\um\winsock2.h(2351): error C2375: 'WSAStartup': zmiana definicji; różne powiązania
  c:\program files (x86)\windows kits\10\include\10.0.17763.0\um\winsock.h(872): note: zobacz deklarację „WSAStartup”
c:\program files (x86)\windows kits\10\include\10.0.17763.0\um\winsock2.h(2371): error C2375: 'WSACleanup': zmiana definicji; różne powiązania
  c:\program files (x86)\windows kits\10\include\10.0.17763.0\um\winsock.h(876): note: zobacz deklarację „WSACleanup”
c:\program files (x86)\windows kits\10\include\10.0.17763.0\um\winsock2.h(2388): error C2375: 'WSASetLastError': zmiana definicji; różne powiązania
  c:\program files (x86)\windows kits\10\include\10.0.17763.0\um\winsock.h(878): note: zobacz deklarację „WSASetLastError”
c:\program files (x86)\windows kits\10\include\10.0.17763.0\um\winsock2.h(2405): error C2375: 'WSAGetLastError': zmiana definicji; różne powiązania
  c:\program files (x86)\windows kits\10\include\10.0.17763.0\um\winsock.h(880): note: zobacz deklarację „WSAGetLastError”
c:\program files (x86)\windows kits\10\include\10.0.17763.0\um\winsock2.h(2426): error C2375: 'WSAIsBlocking': zmiana definicji; różne powiązania
  c:\program files (x86)\windows kits\10\include\10.0.17763.0\um\winsock.h(882): note: zobacz deklarację „WSAIsBlocking”
c:\program files (x86)\windows kits\10\include\10.0.17763.0\um\winsock2.h(2444): error C2375: 'WSAUnhookBlockingHook': zmiana definicji; różne powiązania
  c:\program files (x86)\windows kits\10\include\10.0.17763.0\um\winsock.h(884): note: zobacz deklarację „WSAUnhookBlockingHook”
c:\program files (x86)\windows kits\10\include\10.0.17763.0\um\winsock2.h(2462): error C2375: 'WSASetBlockingHook': zmiana definicji; różne powiązania
  c:\program files (x86)\windows kits\10\include\10.0.17763.0\um\winsock.h(886): note: zobacz deklarację „WSASetBlockingHook”
c:\program files (x86)\windows kits\10\include\10.0.17763.0\um\winsock2.h(2480): error C2375: 'WSACancelBlockingCall': zmiana definicji; różne powiązania
  c:\program files (x86)\windows kits\10\include\10.0.17763.0\um\winsock.h(888): note: zobacz deklarację „WSACancelBlockingCall”
c:\program files (x86)\windows kits\10\include\10.0.17763.0\um\winsock2.h(2498): error C2375: 'WSAAsyncGetServByName': zmiana definicji; różne powiązania
  c:\program files (x86)\windows kits\10\include\10.0.17763.0\um\winsock.h(890): note: zobacz deklarację „WSAAsyncGetServByName”
c:\program files (x86)\windows kits\10\include\10.0.17763.0\um\winsock2.h(2526): error C2375: 'WSAAsyncGetServByPort': zmiana definicji; różne powiązania
  c:\program files (x86)\windows kits\10\include\10.0.17763.0\um\winsock.h(898): note: zobacz deklarację „WSAAsyncGetServByPort”
c:\program files (x86)\windows kits\10\include\10.0.17763.0\um\winsock2.h(2554): error C2375: 'WSAAsyncGetProtoByName': zmiana definicji; różne powiązania
  c:\program files (x86)\windows kits\10\include\10.0.17763.0\um\winsock.h(906): note: zobacz deklarację „WSAAsyncGetProtoByName”
c:\program files (x86)\windows kits\10\include\10.0.17763.0\um\winsock2.h(2580): error C2375: 'WSAAsyncGetProtoByNumber': zmiana definicji; różne powiązania
  c:\program files (x86)\windows kits\10\include\10.0.17763.0\um\winsock.h(913): note: zobacz deklarację „WSAAsyncGetProtoByNumber”
c:\program files (x86)\windows kits\10\include\10.0.17763.0\um\winsock2.h(2606): error C2375: 'WSAAsyncGetHostByName': zmiana definicji; różne powiązania
  c:\program files (x86)\windows kits\10\include\10.0.17763.0\um\winsock.h(920): note: zobacz deklarację „WSAAsyncGetHostByName”
c:\program files (x86)\windows kits\10\include\10.0.17763.0\um\winsock2.h(2632): error C2375: 'WSAAsyncGetHostByAddr': zmiana definicji; różne powiązania
  c:\program files (x86)\windows kits\10\include\10.0.17763.0\um\winsock.h(927): note: zobacz deklarację „WSAAsyncGetHostByAddr”
c:\program files (x86)\windows kits\10\include\10.0.17763.0\um\winsock2.h(2662): error C2375: 'WSACancelAsyncRequest': zmiana definicji; różne powiązania
  c:\program files (x86)\windows kits\10\include\10.0.17763.0\um\winsock.h(936): note: zobacz deklarację „WSACancelAsyncRequest”
c:\program files (x86)\windows kits\10\include\10.0.17763.0\um\winsock2.h(2680): error C2375: 'WSAAsyncSelect': zmiana definicji; różne powiązania
  c:\program files (x86)\windows kits\10\include\10.0.17763.0\um\winsock.h(938): note: zobacz deklarację „WSAAsyncSelect”
c:\users\vuks\source\repos\przetwarzanie rozproszone\project2\main.cpp(89): error C2065: "messageCode": niezadeklarowany identyfikator
